2021-02-05 15:42:55.382 parsl.dataflow.dflow:82 [DEBUG]  Starting DataFlowKernel with config
Config(
    app_cache=True, 
    checkpoint_files=None, 
    checkpoint_mode=None, 
    checkpoint_period=None, 
    data_management_max_threads=10, 
    executors=[HighThroughputExecutor(
        address=None, 
        address_probe_timeout=None, 
        cores_per_worker=1.0, 
        heartbeat_period=30, 
        heartbeat_threshold=120, 
        interchange_port_range=(55000, 56000), 
        label='test', 
        launch_cmd='process_worker_pool.py {debug} {max_workers} -a {addresses} -p {prefetch_capacity} -c {cores_per_worker} -m {mem_per_worker} --poll {poll_period} --task_port={task_port} --result_port={result_port} --logdir={logdir} --block_id={{block_id}} --hb_period={heartbeat_period} {address_probe_timeout_string} --hb_threshold={heartbeat_threshold} ', 
        managed=True, 
        max_workers=1, 
        mem_per_worker=None, 
        poll_period=10, 
        prefetch_capacity=0, 
        provider=TorqueProvider(
            account='mfknie', 
            channel=LocalChannel(
                envs={}, 
                script_dir=None, 
                userhome='/gpfs/data/gao-lab/Mark/other_code/testing/parsl/helloworldparsl'
            ), 
            cmd_timeout=120, 
            init_blocks=1, 
            launcher=SingleNodeLauncher(), 
            max_blocks=1, 
            min_blocks=1, 
            nodes_per_block=1, 
            parallelism=1, 
            queue=None, 
            scheduler_options='#PBS -l mem=8gb -l nodes=1:ppn=2 -N test', 
            walltime='10:00:00', 
            worker_init='module load gcc/6.2.0\nmodule load pigz'
        ), 
        storage_access=None, 
        worker_debug=False, 
        worker_logdir_root=None, 
        worker_port_range=(54000, 55000), 
        worker_ports=None, 
        working_dir=None
    )], 
    initialize_logging=True, 
    max_idletime=120.0, 
    monitoring=None, 
    retries=0, 
    run_dir='runinfo', 
    strategy='simple', 
    usage_tracking=False
)
2021-02-05 15:42:55.383 parsl.dataflow.dflow:87 [INFO]  Parsl version: 1.0.0
2021-02-05 15:42:55.383 parsl.dataflow.usage_tracking.usage:126 [DEBUG]  Tracking status: False
2021-02-05 15:42:55.383 parsl.dataflow.dflow:114 [INFO]  Run id is: 2e646169-ee8a-4260-8166-ef6f0414bf9f
2021-02-05 15:42:55.677 parsl.dataflow.memoization:128 [INFO]  App caching initialized
2021-02-05 15:42:55.677 parsl.dataflow.strategy:128 [DEBUG]  Scaling strategy: simple
2021-02-05 15:42:55.681 parsl.executors.high_throughput.executor:457 [DEBUG]  Starting queue management thread
2021-02-05 15:42:55.681 parsl.executors.high_throughput.executor:341 [DEBUG]  [MTHREAD] queue management worker starting
2021-02-05 15:42:55.681 parsl.executors.high_throughput.executor:461 [DEBUG]  Started queue management thread
2021-02-05 15:42:55.698 parsl.executors.high_throughput.executor:304 [DEBUG]  Created management thread: <Thread(HTEX-Queue-Management-Thread, started daemon 140022669883136)>
2021-02-05 15:42:55.699 parsl.executors.high_throughput.executor:280 [DEBUG]  Launch command: process_worker_pool.py  --max_workers=1 -a 10.50.86.250,127.0.0.1,128.135.245.36,cri16in001,10.50.178.250,10.50.84.250 -p 0 -c 1.0 -m None --poll 10 --task_port=54526 --result_port=54911 --logdir=/gpfs/data/gao-lab/Mark/other_code/testing/parsl/helloworldparsl/runinfo/000/test --block_id={block_id} --hb_period=30  --hb_threshold=120 
2021-02-05 15:42:55.699 parsl.executors.high_throughput.executor:283 [DEBUG]  Starting HighThroughputExecutor with provider:
TorqueProvider(
    account='mfknie', 
    channel=LocalChannel(
        envs={}, 
        script_dir='/gpfs/data/gao-lab/Mark/other_code/testing/parsl/helloworldparsl/runinfo/000/submit_scripts', 
        userhome='/gpfs/data/gao-lab/Mark/other_code/testing/parsl/helloworldparsl'
    ), 
    cmd_timeout=120, 
    init_blocks=1, 
    launcher=SingleNodeLauncher(), 
    max_blocks=1, 
    min_blocks=1, 
    nodes_per_block=1, 
    parallelism=1, 
    queue=None, 
    scheduler_options='#PBS -l mem=8gb -l nodes=1:ppn=2 -N test', 
    walltime='10:00:00', 
    worker_init='module load gcc/6.2.0\nmodule load pigz'
)
2021-02-05 15:42:55.710 parsl.providers.torque.torque:178 [DEBUG]  Requesting nodes_per_block:1 tasks_per_node:1
2021-02-05 15:42:55.710 parsl.providers.torque.torque:197 [DEBUG]  Writing submit script
2021-02-05 15:42:55.786 parsl.executors.high_throughput.executor:581 [DEBUG]  Launched block 0->27650355.cri16sc001
2021-02-05 15:42:55.788 parsl.dataflow.task_status_poller:74 [DEBUG]  Adding executor test
2021-02-05 15:42:55.790 parsl.data_provider.files:54 [DEBUG]  Making clean copy of File object <<class 'parsl.data_provider.files.File'> at 0x7f599a876350 url=/gpfs/data/gao-lab/Mark/other_code/testing/parsl/helloworldparsl/hw.txt scheme=file netloc= path=/gpfs/data/gao-lab/Mark/other_code/testing/parsl/helloworldparsl/hw.txt filename=hw.txt>
2021-02-05 15:42:55.793 parsl.data_provider.data_manager:128 [DEBUG]  stage_in checking Staging provider NoOpFileStaging()
2021-02-05 15:42:55.794 parsl.data_provider.file_noop:13 [DEBUG]  NoOpFileStaging checking file <<class 'parsl.data_provider.files.File'> at 0x7f599a176f90 url=/gpfs/data/gao-lab/Mark/other_code/testing/parsl/helloworldparsl/hw.txt scheme=file netloc= path=/gpfs/data/gao-lab/Mark/other_code/testing/parsl/helloworldparsl/hw.txt filename=hw.txt>
2021-02-05 15:42:55.794 parsl.data_provider.data_manager:87 [DEBUG]  stage_in checking Staging provider NoOpFileStaging()
2021-02-05 15:42:55.795 parsl.data_provider.file_noop:13 [DEBUG]  NoOpFileStaging checking file <<class 'parsl.data_provider.files.File'> at 0x7f599a176f90 url=/gpfs/data/gao-lab/Mark/other_code/testing/parsl/helloworldparsl/hw.txt scheme=file netloc= path=/gpfs/data/gao-lab/Mark/other_code/testing/parsl/helloworldparsl/hw.txt filename=hw.txt>
2021-02-05 15:42:55.795 parsl.dataflow.dflow:533 [DEBUG]  Adding output dependencies
2021-02-05 15:42:55.795 parsl.data_provider.files:54 [DEBUG]  Making clean copy of File object <<class 'parsl.data_provider.files.File'> at 0x7f599a884a50 url=/gpfs/data/gao-lab/Mark/other_code/testing/parsl/helloworldparsl/test.txt scheme=file netloc= path=/gpfs/data/gao-lab/Mark/other_code/testing/parsl/helloworldparsl/test.txt filename=test.txt>
2021-02-05 15:42:55.795 parsl.dataflow.dflow:547 [DEBUG]  Submitting stage out for output file <<class 'parsl.data_provider.files.File'> at 0x7f599a884a50 url=/gpfs/data/gao-lab/Mark/other_code/testing/parsl/helloworldparsl/test.txt scheme=file netloc= path=/gpfs/data/gao-lab/Mark/other_code/testing/parsl/helloworldparsl/test.txt filename=test.txt>
2021-02-05 15:42:55.796 parsl.data_provider.data_manager:160 [DEBUG]  stage_out checking Staging provider NoOpFileStaging()
2021-02-05 15:42:55.796 parsl.data_provider.file_noop:17 [DEBUG]  NoOpFileStaging checking file <<class 'parsl.data_provider.files.File'> at 0x7f599a876350 url=/gpfs/data/gao-lab/Mark/other_code/testing/parsl/helloworldparsl/test.txt scheme=file netloc= path=/gpfs/data/gao-lab/Mark/other_code/testing/parsl/helloworldparsl/test.txt filename=test.txt>
2021-02-05 15:42:55.797 parsl.dataflow.dflow:553 [DEBUG]  No stageout dependency for <<class 'parsl.data_provider.files.File'> at 0x7f599a884a50 url=/gpfs/data/gao-lab/Mark/other_code/testing/parsl/helloworldparsl/test.txt scheme=file netloc= path=/gpfs/data/gao-lab/Mark/other_code/testing/parsl/helloworldparsl/test.txt filename=test.txt>
2021-02-05 15:42:55.797 parsl.app.futures:71 [DEBUG]  Creating DataFuture with parent: <AppFuture super=<AppFuture at 0x7f599a176a50 state=pending>> and file: <<class 'parsl.data_provider.files.File'> at 0x7f599a884a50 url=/gpfs/data/gao-lab/Mark/other_code/testing/parsl/helloworldparsl/test.txt scheme=file netloc= path=/gpfs/data/gao-lab/Mark/other_code/testing/parsl/helloworldparsl/test.txt filename=test.txt>
2021-02-05 15:42:55.798 parsl.data_provider.data_manager:46 [DEBUG]  stage_out checking Staging provider NoOpFileStaging()
2021-02-05 15:42:55.798 parsl.data_provider.file_noop:17 [DEBUG]  NoOpFileStaging checking file <<class 'parsl.data_provider.files.File'> at 0x7f599a876350 url=/gpfs/data/gao-lab/Mark/other_code/testing/parsl/helloworldparsl/test.txt scheme=file netloc= path=/gpfs/data/gao-lab/Mark/other_code/testing/parsl/helloworldparsl/test.txt filename=test.txt>
2021-02-05 15:42:55.798 parsl.dataflow.dflow:774 [INFO]  Task 0 submitted for App write_hello, not waiting on any dependency
2021-02-05 15:42:55.798 parsl.dataflow.dflow:780 [DEBUG]  Task 0 set to pending state with AppFuture: <AppFuture super=<AppFuture at 0x7f599a176a50 state=pending>>
2021-02-05 15:42:55.798 parsl.dataflow.memoization:196 [DEBUG]  Task 0 will not be memoized
2021-02-05 15:42:55.798 parsl.executors.high_throughput.executor:546 [DEBUG]  Pushing function <function write_hello at 0x7f599a872710> to queue with args (<function write_hello at 0x7f599e3deef0>,)
2021-02-05 15:42:55.956 parsl.dataflow.dflow:500 [INFO]  Task 0 launched on executor test
2021-02-05 15:42:56.678 parsl.dataflow.task_status_poller:62 [DEBUG]  Polling
2021-02-05 15:42:56.678 parsl.dataflow.task_status_poller:26 [DEBUG]  Polling test
2021-02-05 15:42:56.724 parsl.providers.torque.torque:129 [DEBUG]  coerced job_id 27650355.cri16sc001 -> 27650355.cri16sc001
2021-02-05 15:42:56.726 parsl.dataflow.strategy:205 [DEBUG]  Executor test has 1 active tasks, 0/1 running/pending blocks, and 0 connected workers
2021-02-05 15:43:01.678 parsl.dataflow.task_status_poller:62 [DEBUG]  Polling
2021-02-05 15:43:01.680 parsl.dataflow.strategy:205 [DEBUG]  Executor test has 1 active tasks, 0/1 running/pending blocks, and 0 connected workers
2021-02-05 15:43:06.678 parsl.dataflow.task_status_poller:62 [DEBUG]  Polling
2021-02-05 15:43:06.680 parsl.dataflow.strategy:205 [DEBUG]  Executor test has 1 active tasks, 0/1 running/pending blocks, and 0 connected workers
2021-02-05 15:43:11.678 parsl.dataflow.task_status_poller:62 [DEBUG]  Polling
2021-02-05 15:43:11.680 parsl.dataflow.strategy:205 [DEBUG]  Executor test has 1 active tasks, 0/1 running/pending blocks, and 0 connected workers
2021-02-05 15:43:16.678 parsl.dataflow.task_status_poller:62 [DEBUG]  Polling
2021-02-05 15:43:16.680 parsl.dataflow.strategy:205 [DEBUG]  Executor test has 1 active tasks, 0/1 running/pending blocks, and 0 connected workers
2021-02-05 15:43:21.678 parsl.dataflow.task_status_poller:62 [DEBUG]  Polling
2021-02-05 15:43:21.680 parsl.dataflow.strategy:205 [DEBUG]  Executor test has 1 active tasks, 0/1 running/pending blocks, and 0 connected workers
2021-02-05 15:43:26.679 parsl.dataflow.task_status_poller:62 [DEBUG]  Polling
2021-02-05 15:43:26.680 parsl.dataflow.strategy:205 [DEBUG]  Executor test has 1 active tasks, 0/1 running/pending blocks, and 0 connected workers
2021-02-05 15:43:31.679 parsl.dataflow.task_status_poller:62 [DEBUG]  Polling
2021-02-05 15:43:31.680 parsl.dataflow.strategy:205 [DEBUG]  Executor test has 1 active tasks, 0/1 running/pending blocks, and 0 connected workers
2021-02-05 15:43:36.679 parsl.dataflow.task_status_poller:62 [DEBUG]  Polling
2021-02-05 15:43:36.680 parsl.dataflow.strategy:205 [DEBUG]  Executor test has 1 active tasks, 0/1 running/pending blocks, and 0 connected workers
2021-02-05 15:43:41.679 parsl.dataflow.task_status_poller:62 [DEBUG]  Polling
2021-02-05 15:43:41.681 parsl.dataflow.strategy:205 [DEBUG]  Executor test has 1 active tasks, 0/1 running/pending blocks, and 0 connected workers
2021-02-05 15:43:46.679 parsl.dataflow.task_status_poller:62 [DEBUG]  Polling
2021-02-05 15:43:46.681 parsl.dataflow.strategy:205 [DEBUG]  Executor test has 1 active tasks, 0/1 running/pending blocks, and 0 connected workers
2021-02-05 15:43:51.680 parsl.dataflow.task_status_poller:62 [DEBUG]  Polling
2021-02-05 15:43:51.681 parsl.dataflow.strategy:205 [DEBUG]  Executor test has 1 active tasks, 0/1 running/pending blocks, and 0 connected workers
2021-02-05 15:43:56.680 parsl.dataflow.task_status_poller:62 [DEBUG]  Polling
2021-02-05 15:43:56.680 parsl.dataflow.task_status_poller:26 [DEBUG]  Polling test
2021-02-05 15:43:56.726 parsl.providers.torque.torque:129 [DEBUG]  coerced job_id 27650355.cri16sc001 -> 27650355.cri16sc001
2021-02-05 15:43:56.728 parsl.dataflow.strategy:205 [DEBUG]  Executor test has 1 active tasks, 0/1 running/pending blocks, and 0 connected workers
2021-02-05 15:44:01.680 parsl.dataflow.task_status_poller:62 [DEBUG]  Polling
2021-02-05 15:44:01.682 parsl.dataflow.strategy:205 [DEBUG]  Executor test has 1 active tasks, 0/1 running/pending blocks, and 0 connected workers
2021-02-05 15:44:06.680 parsl.dataflow.task_status_poller:62 [DEBUG]  Polling
2021-02-05 15:44:06.682 parsl.dataflow.strategy:205 [DEBUG]  Executor test has 1 active tasks, 0/1 running/pending blocks, and 0 connected workers
2021-02-05 15:44:11.680 parsl.dataflow.task_status_poller:62 [DEBUG]  Polling
2021-02-05 15:44:11.683 parsl.dataflow.strategy:205 [DEBUG]  Executor test has 1 active tasks, 0/1 running/pending blocks, and 0 connected workers
2021-02-05 15:44:16.680 parsl.dataflow.task_status_poller:62 [DEBUG]  Polling
2021-02-05 15:44:16.682 parsl.dataflow.strategy:205 [DEBUG]  Executor test has 1 active tasks, 0/1 running/pending blocks, and 0 connected workers
2021-02-05 15:44:21.681 parsl.dataflow.task_status_poller:62 [DEBUG]  Polling
2021-02-05 15:44:21.682 parsl.dataflow.strategy:205 [DEBUG]  Executor test has 1 active tasks, 0/1 running/pending blocks, and 0 connected workers
2021-02-05 15:44:26.681 parsl.dataflow.task_status_poller:62 [DEBUG]  Polling
2021-02-05 15:44:26.682 parsl.dataflow.strategy:205 [DEBUG]  Executor test has 1 active tasks, 0/1 running/pending blocks, and 0 connected workers
2021-02-05 15:44:31.681 parsl.dataflow.task_status_poller:62 [DEBUG]  Polling
2021-02-05 15:44:31.682 parsl.dataflow.strategy:205 [DEBUG]  Executor test has 1 active tasks, 0/1 running/pending blocks, and 0 connected workers
2021-02-05 15:44:36.681 parsl.dataflow.task_status_poller:62 [DEBUG]  Polling
2021-02-05 15:44:36.683 parsl.dataflow.strategy:205 [DEBUG]  Executor test has 1 active tasks, 0/1 running/pending blocks, and 0 connected workers
2021-02-05 15:44:41.681 parsl.dataflow.task_status_poller:62 [DEBUG]  Polling
2021-02-05 15:44:41.683 parsl.dataflow.strategy:205 [DEBUG]  Executor test has 1 active tasks, 0/1 running/pending blocks, and 0 connected workers
2021-02-05 15:44:46.682 parsl.dataflow.task_status_poller:62 [DEBUG]  Polling
2021-02-05 15:44:46.683 parsl.dataflow.strategy:205 [DEBUG]  Executor test has 1 active tasks, 0/1 running/pending blocks, and 0 connected workers
2021-02-05 15:44:51.682 parsl.dataflow.task_status_poller:62 [DEBUG]  Polling
2021-02-05 15:44:51.683 parsl.dataflow.strategy:205 [DEBUG]  Executor test has 1 active tasks, 0/1 running/pending blocks, and 0 connected workers
2021-02-05 15:44:56.682 parsl.dataflow.task_status_poller:62 [DEBUG]  Polling
2021-02-05 15:44:56.682 parsl.dataflow.task_status_poller:26 [DEBUG]  Polling test
2021-02-05 15:44:56.730 parsl.providers.torque.torque:129 [DEBUG]  coerced job_id 27650355.cri16sc001 -> 27650355.cri16sc001
2021-02-05 15:44:56.732 parsl.dataflow.strategy:205 [DEBUG]  Executor test has 1 active tasks, 0/1 running/pending blocks, and 0 connected workers
2021-02-05 15:45:01.682 parsl.dataflow.task_status_poller:62 [DEBUG]  Polling
2021-02-05 15:45:01.684 parsl.dataflow.strategy:205 [DEBUG]  Executor test has 1 active tasks, 0/1 running/pending blocks, and 0 connected workers
2021-02-05 15:45:06.682 parsl.dataflow.task_status_poller:62 [DEBUG]  Polling
2021-02-05 15:45:06.684 parsl.dataflow.strategy:205 [DEBUG]  Executor test has 1 active tasks, 0/1 running/pending blocks, and 0 connected workers
2021-02-05 15:45:11.682 parsl.dataflow.task_status_poller:62 [DEBUG]  Polling
2021-02-05 15:45:11.684 parsl.dataflow.strategy:205 [DEBUG]  Executor test has 1 active tasks, 0/1 running/pending blocks, and 0 connected workers
2021-02-05 15:45:16.683 parsl.dataflow.task_status_poller:62 [DEBUG]  Polling
2021-02-05 15:45:16.684 parsl.dataflow.strategy:205 [DEBUG]  Executor test has 1 active tasks, 0/1 running/pending blocks, and 0 connected workers
2021-02-05 15:45:21.683 parsl.dataflow.task_status_poller:62 [DEBUG]  Polling
2021-02-05 15:45:21.684 parsl.dataflow.strategy:205 [DEBUG]  Executor test has 1 active tasks, 0/1 running/pending blocks, and 0 connected workers
2021-02-05 15:45:26.683 parsl.dataflow.task_status_poller:62 [DEBUG]  Polling
2021-02-05 15:45:26.685 parsl.dataflow.strategy:205 [DEBUG]  Executor test has 1 active tasks, 0/1 running/pending blocks, and 0 connected workers
2021-02-05 15:45:31.683 parsl.dataflow.task_status_poller:62 [DEBUG]  Polling
2021-02-05 15:45:31.685 parsl.dataflow.strategy:205 [DEBUG]  Executor test has 1 active tasks, 0/1 running/pending blocks, and 0 connected workers
2021-02-05 15:45:36.683 parsl.dataflow.task_status_poller:62 [DEBUG]  Polling
2021-02-05 15:45:36.685 parsl.dataflow.strategy:205 [DEBUG]  Executor test has 1 active tasks, 0/1 running/pending blocks, and 0 connected workers
2021-02-05 15:45:41.683 parsl.dataflow.task_status_poller:62 [DEBUG]  Polling
2021-02-05 15:45:41.685 parsl.dataflow.strategy:205 [DEBUG]  Executor test has 1 active tasks, 0/1 running/pending blocks, and 0 connected workers
2021-02-05 15:45:46.683 parsl.dataflow.task_status_poller:62 [DEBUG]  Polling
2021-02-05 15:45:46.685 parsl.dataflow.strategy:205 [DEBUG]  Executor test has 1 active tasks, 0/1 running/pending blocks, and 0 connected workers
2021-02-05 15:45:51.683 parsl.dataflow.task_status_poller:62 [DEBUG]  Polling
2021-02-05 15:45:51.685 parsl.dataflow.strategy:205 [DEBUG]  Executor test has 1 active tasks, 0/1 running/pending blocks, and 0 connected workers
2021-02-05 15:45:56.684 parsl.dataflow.task_status_poller:62 [DEBUG]  Polling
2021-02-05 15:45:56.684 parsl.dataflow.task_status_poller:26 [DEBUG]  Polling test
2021-02-05 15:45:56.734 parsl.providers.torque.torque:129 [DEBUG]  coerced job_id 27650355.cri16sc001 -> 27650355.cri16sc001
2021-02-05 15:45:56.737 parsl.dataflow.strategy:205 [DEBUG]  Executor test has 1 active tasks, 0/1 running/pending blocks, and 0 connected workers
2021-02-05 15:46:01.684 parsl.dataflow.task_status_poller:62 [DEBUG]  Polling
2021-02-05 15:46:01.686 parsl.dataflow.strategy:205 [DEBUG]  Executor test has 1 active tasks, 0/1 running/pending blocks, and 0 connected workers
2021-02-05 15:46:06.684 parsl.dataflow.task_status_poller:62 [DEBUG]  Polling
2021-02-05 15:46:06.686 parsl.dataflow.strategy:205 [DEBUG]  Executor test has 1 active tasks, 0/1 running/pending blocks, and 0 connected workers
2021-02-05 15:46:11.684 parsl.dataflow.task_status_poller:62 [DEBUG]  Polling
2021-02-05 15:46:11.686 parsl.dataflow.strategy:205 [DEBUG]  Executor test has 1 active tasks, 0/1 running/pending blocks, and 0 connected workers
2021-02-05 15:46:16.684 parsl.dataflow.task_status_poller:62 [DEBUG]  Polling
2021-02-05 15:46:16.686 parsl.dataflow.strategy:205 [DEBUG]  Executor test has 1 active tasks, 0/1 running/pending blocks, and 0 connected workers
2021-02-05 15:46:21.685 parsl.dataflow.task_status_poller:62 [DEBUG]  Polling
2021-02-05 15:46:21.686 parsl.dataflow.strategy:205 [DEBUG]  Executor test has 1 active tasks, 0/1 running/pending blocks, and 0 connected workers
2021-02-05 15:46:26.685 parsl.dataflow.task_status_poller:62 [DEBUG]  Polling
2021-02-05 15:46:26.686 parsl.dataflow.strategy:205 [DEBUG]  Executor test has 1 active tasks, 0/1 running/pending blocks, and 0 connected workers
2021-02-05 15:46:31.685 parsl.dataflow.task_status_poller:62 [DEBUG]  Polling
2021-02-05 15:46:31.686 parsl.dataflow.strategy:205 [DEBUG]  Executor test has 1 active tasks, 0/1 running/pending blocks, and 0 connected workers
2021-02-05 15:46:36.685 parsl.dataflow.task_status_poller:62 [DEBUG]  Polling
2021-02-05 15:46:36.687 parsl.dataflow.strategy:205 [DEBUG]  Executor test has 1 active tasks, 0/1 running/pending blocks, and 0 connected workers
2021-02-05 15:46:41.685 parsl.dataflow.task_status_poller:62 [DEBUG]  Polling
2021-02-05 15:46:41.687 parsl.dataflow.strategy:205 [DEBUG]  Executor test has 1 active tasks, 0/1 running/pending blocks, and 0 connected workers
2021-02-05 15:46:46.686 parsl.dataflow.task_status_poller:62 [DEBUG]  Polling
2021-02-05 15:46:46.687 parsl.dataflow.strategy:205 [DEBUG]  Executor test has 1 active tasks, 0/1 running/pending blocks, and 0 connected workers
2021-02-05 15:46:51.686 parsl.dataflow.task_status_poller:62 [DEBUG]  Polling
2021-02-05 15:46:51.687 parsl.dataflow.strategy:205 [DEBUG]  Executor test has 1 active tasks, 0/1 running/pending blocks, and 0 connected workers
2021-02-05 15:46:56.686 parsl.dataflow.task_status_poller:62 [DEBUG]  Polling
2021-02-05 15:46:56.687 parsl.dataflow.task_status_poller:26 [DEBUG]  Polling test
2021-02-05 15:46:56.733 parsl.providers.torque.torque:129 [DEBUG]  coerced job_id 27650355.cri16sc001 -> 27650355.cri16sc001
2021-02-05 15:46:56.735 parsl.dataflow.strategy:205 [DEBUG]  Executor test has 1 active tasks, 0/1 running/pending blocks, and 0 connected workers
2021-02-05 15:47:01.686 parsl.dataflow.task_status_poller:62 [DEBUG]  Polling
2021-02-05 15:47:01.688 parsl.dataflow.strategy:205 [DEBUG]  Executor test has 1 active tasks, 0/1 running/pending blocks, and 0 connected workers
2021-02-05 15:47:06.687 parsl.dataflow.task_status_poller:62 [DEBUG]  Polling
2021-02-05 15:47:06.688 parsl.dataflow.strategy:205 [DEBUG]  Executor test has 1 active tasks, 0/1 running/pending blocks, and 0 connected workers
2021-02-05 15:47:11.687 parsl.dataflow.task_status_poller:62 [DEBUG]  Polling
2021-02-05 15:47:11.688 parsl.dataflow.strategy:205 [DEBUG]  Executor test has 1 active tasks, 0/1 running/pending blocks, and 0 connected workers
2021-02-05 15:47:16.687 parsl.dataflow.task_status_poller:62 [DEBUG]  Polling
2021-02-05 15:47:16.688 parsl.dataflow.strategy:205 [DEBUG]  Executor test has 1 active tasks, 0/1 running/pending blocks, and 0 connected workers
2021-02-05 15:47:21.687 parsl.dataflow.task_status_poller:62 [DEBUG]  Polling
2021-02-05 15:47:21.689 parsl.dataflow.strategy:205 [DEBUG]  Executor test has 1 active tasks, 0/1 running/pending blocks, and 0 connected workers
2021-02-05 15:47:26.687 parsl.dataflow.task_status_poller:62 [DEBUG]  Polling
2021-02-05 15:47:26.689 parsl.dataflow.strategy:205 [DEBUG]  Executor test has 1 active tasks, 0/1 running/pending blocks, and 0 connected workers
2021-02-05 15:47:31.687 parsl.dataflow.task_status_poller:62 [DEBUG]  Polling
2021-02-05 15:47:31.689 parsl.dataflow.strategy:205 [DEBUG]  Executor test has 1 active tasks, 0/1 running/pending blocks, and 0 connected workers
2021-02-05 15:47:36.687 parsl.dataflow.task_status_poller:62 [DEBUG]  Polling
2021-02-05 15:47:36.689 parsl.dataflow.strategy:205 [DEBUG]  Executor test has 1 active tasks, 0/1 running/pending blocks, and 0 connected workers
2021-02-05 15:47:41.687 parsl.dataflow.task_status_poller:62 [DEBUG]  Polling
2021-02-05 15:47:41.689 parsl.dataflow.strategy:205 [DEBUG]  Executor test has 1 active tasks, 0/1 running/pending blocks, and 0 connected workers
2021-02-05 15:47:42.791 parsl.dataflow.dflow:913 [INFO]  DFK cleanup initiated
2021-02-05 15:47:42.791 parsl.dataflow.dflow:816 [INFO]  Summary of tasks in DFK:
2021-02-05 15:47:42.792 parsl.dataflow.dflow:829 [INFO]  Tasks in state States.launched: 1
2021-02-05 15:47:42.792 parsl.dataflow.dflow:835 [INFO]  End of summary
2021-02-05 15:47:42.792 parsl.dataflow.dflow:937 [INFO]  Terminating flow_control and strategy threads
2021-02-05 15:47:42.841 parsl.executors.high_throughput.executor:642 [INFO]  Attempting HighThroughputExecutor shutdown
2021-02-05 15:47:42.842 parsl.executors.high_throughput.executor:644 [INFO]  Finished HighThroughputExecutor shutdown attempt
2021-02-05 15:47:42.842 parsl.executors.threads:105 [DEBUG]  Done with executor shutdown
2021-02-05 15:47:42.843 parsl.dataflow.dflow:960 [INFO]  DFK cleanup complete
